<?xml version="1.0" encoding="UTF-8"?>
<testsuite xmlns:xsi="http://www.w3.org/2001/XMLSchema-instance" xsi:noNamespaceSchemaLocation="https://maven.apache.org/surefire/maven-surefire-plugin/xsd/surefire-test-report-3.0.xsd" version="3.0" name="TestSuite" time="4.145" tests="9" errors="0" skipped="0" failures="0">
  <properties>
[...]
</properties>
  <testcase name="getNonExistingPet_negative" classname="tests.ReadNonExistingPetTest" time="1.325">
    <system-out><![CDATA[Request method:	GET
Request URI:	https://petstore.swagger.io/v2/pet/-1
Proxy:			<none>
Request params:	<none>
Query params:	<none>
Form params:	<none>
Path params:	petId=-1
Headers:		Accept=application/json, application/javascript, text/javascript, text/json
				Content-Type=application/json
Cookies:		<none>
Multiparts:		<none>
Body:			<none>
Request method:	GET
Request URI:	https://petstore.swagger.io/v2/pet/999999999
Proxy:			<none>
Request params:	<none>
Query params:	<none>
Form params:	<none>
Path params:	petId=999999999
Headers:		Accept=application/json, application/javascript, text/javascript, text/json
				Content-Type=application/json
Cookies:		<none>
Multiparts:		<none>
Body:			<none>
Request method:	POST
Request URI:	https://petstore.swagger.io/v2/pet
Proxy:			<none>
Request params:	<none>
Query params:	<none>
Form params:	<none>
Path params:	<none>
Headers:		Accept=application/json, application/javascript, text/javascript, text/json
				Content-Type=application/json
Cookies:		<none>
Multiparts:		<none>
Body:			<none>
]]></system-out>
    <system-err><![CDATA[SLF4J: Failed to load class "org.slf4j.impl.StaticLoggerBinder".
SLF4J: Defaulting to no-operation (NOP) logger implementation
SLF4J: See http://www.slf4j.org/codes.html#StaticLoggerBinder for further details.
]]></system-err>
  </testcase>
  <testcase name="createPet_withoutBody_negative" classname="tests.CreatePetWithoutBodyTest" time="1.329"/>
  <testcase name="getNegativeIdPet_negative" classname="tests.ReadNegativeIdPetTest" time="0.164">
    <system-out><![CDATA[Request method:	POST
Request URI:	https://petstore.swagger.io/v2/pet
Proxy:			<none>
Request params:	<none>
Query params:	<none>
Form params:	<none>
Path params:	<none>
Headers:		Accept=application/json, application/javascript, text/javascript, text/json
				Content-Type=text/plain; charset=ISO-8859-1
Cookies:		<none>
Multiparts:		<none>
Body:			<none>
Request method:	POST
Request URI:	https://petstore.swagger.io/v2/pet
Proxy:			<none>
Request params:	<none>
Query params:	<none>
Form params:	<none>
Path params:	<none>
Headers:		Accept=application/json, application/javascript, text/javascript, text/json
				Content-Type=application/json
Cookies:		<none>
Multiparts:		<none>
Body:
{
    "id": 1768510229172,
    "category": {
        "id": 1,
        "name": "Dogs"
    },
    "name": "Tekir",
    "photoUrls": [
        "testdata/pet.jpg"
    ],
    "tags": [
        {
            "id": 1,
            "name": "friendly"
        }
    ],
    "status": "available"
}
]]></system-out>
  </testcase>
  <testcase name="createPet_WrongContentType_negative" classname="tests.CreatePetWrongContentTypeTest" time="0.521">
    <system-out><![CDATA[Request method:	GET
Request URI:	https://petstore.swagger.io/v2/pet/1768510229172
Proxy:			<none>
Request params:	<none>
Query params:	<none>
Form params:	<none>
Path params:	petId=1768510229172
Headers:		Accept=application/json, application/javascript, text/javascript, text/json
				Content-Type=application/json
Cookies:		<none>
Multiparts:		<none>
Body:			<none>
]]></system-out>
  </testcase>
  <testcase name="createPet_positive" classname="tests.CreatePetTest" time="0.543"/>
  <testcase name="getDeletedPet_negative" classname="tests.ReadDeletedPetTest" time="0.144">
    <system-out><![CDATA[Request method:	GET
Request URI:	https://petstore.swagger.io/v2/pet/1768510229172
Proxy:			<none>
Request params:	<none>
Query params:	<none>
Form params:	<none>
Path params:	petId=1768510229172
Headers:		Accept=application/json, application/javascript, text/javascript, text/json
				Content-Type=application/json
Cookies:		<none>
Multiparts:		<none>
Body:			<none>
]]></system-out>
  </testcase>
  <testcase name="getPet_positive" classname="tests.ReadPetTest" time="0.752"/>
  <testcase name="deletePet_positive" classname="tests.DeletePetTest" time="0.809">
    <system-out><![CDATA[REQUEST -> PUT /pet
{
  "id": 1768510229172,
  "category": {
    "id": 1,
    "name": "Dogs"
  },
  "name": "Minik",
  "photoUrls": ["testdata/pet.jpg"],
  "tags": [
    {
      "id": 1,
      "name": "friendly"
    }
  ],
  "status": "sold"
}

Request method:	DELETE
Request URI:	https://petstore.swagger.io/v2/pet/1768510229172
Proxy:			<none>
Request params:	<none>
Query params:	<none>
Form params:	<none>
Path params:	<none>
Headers:		Accept=application/json, application/javascript, text/javascript, text/json
				Content-Type=application/json
Cookies:		<none>
Multiparts:		<none>
Body:			<none>
Request method:	PUT
Request URI:	https://petstore.swagger.io/v2/pet
Proxy:			<none>
Request params:	<none>
Query params:	<none>
Form params:	<none>
Path params:	<none>
Headers:		Accept=application/json, application/javascript, text/javascript, text/json
				Content-Type=application/json
Cookies:		<none>
Multiparts:		<none>
Body:
{
    "id": 1768510229172,
    "category": {
        "id": 1,
        "name": "Dogs"
    },
    "name": "Minik",
    "photoUrls": [
        "testdata/pet.jpg"
    ],
    "tags": [
        {
            "id": 1,
            "name": "friendly"
        }
    ],
    "status": "sold"
}
]]></system-out>
  </testcase>
  <testcase name="updatePet_positive" classname="tests.UpdatePetTest" time="0.815"/>
</testsuite>