<?xml version="1.0" encoding="UTF-8"?>
<!-- Generated by org.testng.reporters.JUnitXMLReporter -->
<testsuite ignored="0" hostname="Hatices-MacBook-Air.local" failures="0" tests="9" name="Regression" time="3.834" errors="0" timestamp="2026-01-15T23:50:31 GMT+03:00">
  <testcase classname="tests.ReadNonExistingPetTest" name="getNonExistingPet_negative" time="1.343"/>
  <testcase classname="tests.CreatePetWithoutBodyTest" name="createPet_withoutBody_negative" time="1.343"/>
  <testcase classname="tests.ReadNegativeIdPetTest" name="getNegativeIdPet_negative" time="1.55"/>
  <testcase classname="tests.CreatePetWrongContentTypeTest" name="createPet_WrongContentType_negative" time="0.687"/>
  <testcase classname="tests.CreatePetTest" name="createPet_positive" time="0.709"/>
  <testcase classname="tests.ReadDeletedPetTest" name="getDeletedPet_negative" time="0.691"/>
  <testcase classname="tests.ReadPetTest" name="getPet_positive" time="0.753"/>
  <testcase classname="tests.DeletePetTest" name="deletePet_positive" time="0.81"/>
  <testcase classname="tests.UpdatePetTest" name="updatePet_positive" time="0.816"/>
</testsuite> <!-- Regression -->
